<?xml version="1.0" encoding="UTF-8"?>
<!-- Generated by org.testng.reporters.JUnitXMLReporter -->
<testsuite ignored="0" hostname="Swamy" failures="0" tests="2" name="BankingAPP Test" time="76.775" errors="0" timestamp="2021-12-22T11:20:24 IST">
  <testcase classname="com.internetBanking.testCases.TC_LoginTest_001" name="loginTest" time="18.446"/>
  <testcase classname="com.internetBanking.testCases.TC_AddNewCustomerTest" name="addNewCustomer" time="18.604"/>
</testsuite> <!-- BankingAPP Test -->
