<?xml version="1.0" encoding="UTF-8"?>
<testng-results ignored="0" total="2" passed="2" failed="0" skipped="0">
  <reporter-output>
  </reporter-output>
  <suite started-at="2021-12-22T11:19:07 IST" name="InternetBanking_Automation1" finished-at="2021-12-22T11:20:24 IST" duration-ms="76775">
    <groups>
    </groups>
    <test started-at="2021-12-22T11:19:07 IST" name="BankingAPP Test" finished-at="2021-12-22T11:20:24 IST" duration-ms="76775">
      <class name="com.internetBanking.testCases.TC_LoginTest_001">
        <test-method is-config="true" signature="setup(java.lang.String)[pri:0, instance:com.internetBanking.testCases.TC_LoginTest_001@e1de817]" started-at="2021-12-22T11:19:08 IST" name="setup" finished-at="2021-12-22T11:19:31 IST" duration-ms="22458" status="PASS">
          <params>
            <param index="0">
              <value>
                <![CDATA[chrome]]>
              </value>
            </param>
          </params>
          <reporter-output>
          </reporter-output>
        </test-method> <!-- setup -->
        <test-method signature="loginTest()[pri:0, instance:com.internetBanking.testCases.TC_LoginTest_001@e1de817]" started-at="2021-12-22T11:19:31 IST" name="loginTest" finished-at="2021-12-22T11:19:49 IST" duration-ms="18446" status="PASS">
          <reporter-output>
          </reporter-output>
        </test-method> <!-- loginTest -->
        <test-method is-config="true" signature="tearDown()[pri:0, instance:com.internetBanking.testCases.TC_LoginTest_001@e1de817]" started-at="2021-12-22T11:19:49 IST" name="tearDown" finished-at="2021-12-22T11:19:50 IST" duration-ms="937" status="PASS">
          <reporter-output>
          </reporter-output>
        </test-method> <!-- tearDown -->
      </class> <!-- com.internetBanking.testCases.TC_LoginTest_001 -->
      <class name="com.internetBanking.testCases.TC_AddNewCustomerTest">
        <test-method is-config="true" signature="setup(java.lang.String)[pri:0, instance:com.internetBanking.testCases.TC_AddNewCustomerTest@29647f75]" started-at="2021-12-22T11:19:50 IST" name="setup" finished-at="2021-12-22T11:20:01 IST" duration-ms="10394" status="PASS">
          <params>
            <param index="0">
              <value>
                <![CDATA[chrome]]>
              </value>
            </param>
          </params>
          <reporter-output>
          </reporter-output>
        </test-method> <!-- setup -->
        <test-method signature="addNewCustomer()[pri:0, instance:com.internetBanking.testCases.TC_AddNewCustomerTest@29647f75]" started-at="2021-12-22T11:20:01 IST" name="addNewCustomer" finished-at="2021-12-22T11:20:19 IST" duration-ms="18604" status="PASS">
          <reporter-output>
          </reporter-output>
        </test-method> <!-- addNewCustomer -->
        <test-method is-config="true" signature="tearDown()[pri:0, instance:com.internetBanking.testCases.TC_AddNewCustomerTest@29647f75]" started-at="2021-12-22T11:20:19 IST" name="tearDown" finished-at="2021-12-22T11:20:24 IST" duration-ms="4928" status="PASS">
          <reporter-output>
          </reporter-output>
        </test-method> <!-- tearDown -->
      </class> <!-- com.internetBanking.testCases.TC_AddNewCustomerTest -->
    </test> <!-- BankingAPP Test -->
  </suite> <!-- InternetBanking_Automation1 -->
</testng-results>
