<?xml version="1.0" encoding="UTF-8"?>
<testng-results ignored="0" total="1" passed="1" failed="0" skipped="0">
  <reporter-output>
  </reporter-output>
  <suite started-at="2021-12-16T17:16:01 IST" name="InternetBanking_Automation1" finished-at="2021-12-16T17:16:32 IST" duration-ms="31023">
    <groups>
    </groups>
    <test started-at="2021-12-16T17:16:01 IST" name="BankingAPP Test" finished-at="2021-12-16T17:16:32 IST" duration-ms="31023">
      <class name="com.internetBanking.testCases.TC_AddNewCustomerTest">
        <test-method is-config="true" signature="setup(java.lang.String)[pri:0, instance:com.internetBanking.testCases.TC_AddNewCustomerTest@156b88f5]" started-at="2021-12-16T17:16:01 IST" name="setup" finished-at="2021-12-16T17:16:12 IST" duration-ms="11035" status="PASS">
          <params>
            <param index="0">
              <value>
                <![CDATA[chrome]]>
              </value>
            </param>
          </params>
          <reporter-output>
          </reporter-output>
        </test-method> <!-- setup -->
        <test-method signature="addNewCustomer()[pri:0, instance:com.internetBanking.testCases.TC_AddNewCustomerTest@156b88f5]" started-at="2021-12-16T17:16:12 IST" name="addNewCustomer" finished-at="2021-12-16T17:16:31 IST" duration-ms="18707" status="PASS">
          <reporter-output>
          </reporter-output>
        </test-method> <!-- addNewCustomer -->
        <test-method is-config="true" signature="tearDown()[pri:0, instance:com.internetBanking.testCases.TC_AddNewCustomerTest@156b88f5]" started-at="2021-12-16T17:16:31 IST" name="tearDown" finished-at="2021-12-16T17:16:32 IST" duration-ms="780" status="PASS">
          <reporter-output>
          </reporter-output>
        </test-method> <!-- tearDown -->
      </class> <!-- com.internetBanking.testCases.TC_AddNewCustomerTest -->
    </test> <!-- BankingAPP Test -->
  </suite> <!-- InternetBanking_Automation1 -->
</testng-results>
